<?xml version="1.0" encoding="UTF-8"?>
<!-- Generated by org.testng.reporters.JUnitXMLReporter -->
<testsuite hostname="DESKTOP-HUFJK83" ignored="0" name="Test" tests="6" failures="1" timestamp="20 Dec 2019 18:47:27 GMT" time="255.693" errors="0">
  <testcase name="GotoLink" time="4.928" classname="com.crm.test.HomePageTest"/>
  <testcase name="loginTest" time="11.296" classname="com.crm.test.LoginPageTest"/>
  <testcase name="SearchFunctionality" time="10.454" classname="com.crm.test.HomePageTest"/>
  <testcase name="NegativeLoginTest" time="10.652" classname="com.crm.test.LoginPageTest"/>
  <testcase name="MatchTextTest" time="10.321" classname="com.crm.test.HomePageTest"/>
  <testcase name="MatchLogo" time="35.443" classname="com.crm.test.HomePageTest">
    <failure type="org.openqa.selenium.JavascriptException" message="javascript error: $ is not defined
  (Session info: chrome=79.0.3945.79)
Build info: version: &amp;apos;3.14.0&amp;apos;, revision: &amp;apos;aacccce0&amp;apos;, time: &amp;apos;2018-08-02T20:19:58.91Z&amp;apos;
System info: host: &amp;apos;DESKTOP-HUFJK83&amp;apos;, ip: &amp;apos;192.168.0.102&amp;apos;, os.name: &amp;apos;Windows 10&amp;apos;, os.arch: &amp;apos;amd64&amp;apos;, os.version: &amp;apos;10.0&amp;apos;, java.version: &amp;apos;1.8.0_201&amp;apos;
Driver info: org.openqa.selenium.chrome.ChromeDriver
Capabilities {acceptInsecureCerts: false, browserName: chrome, browserVersion: 79.0.3945.79, chrome: {chromedriverVersion: 79.0.3945.36 (3582db32b3389..., userDataDir: C:\Users\LENOVO\AppData\Loc...}, goog:chromeOptions: {debuggerAddress: localhost:52928}, javascriptEnabled: true, networkConnectionEnabled: false, pageLoadStrategy: normal, platform: WINDOWS, platformName: WINDOWS, proxy: Proxy(), setWindowRect: true, strictFileInteractability: false, timeouts: {implicit: 0, pageLoad: 300000, script: 30000}, unhandledPromptBehavior: dismiss and notify}
Session ID: 2dd994acf45abbc06b25f7d8daffc297">
      <![CDATA[org.openqa.selenium.JavascriptException: javascript error: $ is not defined
  (Session info: chrome=79.0.3945.79)
Build info: version: '3.14.0', revision: 'aacccce0', time: '2018-08-02T20:19:58.91Z'
System info: host: 'DESKTOP-HUFJK83', ip: '192.168.0.102', os.name: 'Windows 10', os.arch: 'amd64', os.version: '10.0', java.version: '1.8.0_201'
Driver info: org.openqa.selenium.chrome.ChromeDriver
Capabilities {acceptInsecureCerts: false, browserName: chrome, browserVersion: 79.0.3945.79, chrome: {chromedriverVersion: 79.0.3945.36 (3582db32b3389..., userDataDir: C:\Users\LENOVO\AppData\Loc...}, goog:chromeOptions: {debuggerAddress: localhost:52928}, javascriptEnabled: true, networkConnectionEnabled: false, pageLoadStrategy: normal, platform: WINDOWS, platformName: WINDOWS, proxy: Proxy(), setWindowRect: true, strictFileInteractability: false, timeouts: {implicit: 0, pageLoad: 300000, script: 30000}, unhandledPromptBehavior: dismiss and notify}
Session ID: 2dd994acf45abbc06b25f7d8daffc297
	at org.openqa.selenium.remote.http.W3CHttpResponseCodec.createException(W3CHttpResponseCodec.java:187)
	at org.openqa.selenium.remote.http.W3CHttpResponseCodec.decode(W3CHttpResponseCodec.java:122)
	at org.openqa.selenium.remote.http.W3CHttpResponseCodec.decode(W3CHttpResponseCodec.java:49)
	at org.openqa.selenium.remote.HttpCommandExecutor.execute(HttpCommandExecutor.java:158)
	at org.openqa.selenium.remote.service.DriverCommandExecutor.execute(DriverCommandExecutor.java:83)
	at org.openqa.selenium.remote.RemoteWebDriver.execute(RemoteWebDriver.java:548)
	at org.openqa.selenium.remote.RemoteWebDriver.executeScript(RemoteWebDriver.java:485)
	at org.openqa.selenium.support.events.EventFiringWebDriver.lambda$new$1(EventFiringWebDriver.java:105)
	at com.sun.proxy.$Proxy7.executeScript(Unknown Source)
	at org.openqa.selenium.support.events.EventFiringWebDriver.executeScript(EventFiringWebDriver.java:229)
	at ru.yandex.qatools.ashot.util.JsCoords.findCoordsWithJquery(JsCoords.java:30)
	at ru.yandex.qatools.ashot.coordinates.JqueryCoordsProvider.ofElement(JqueryCoordsProvider.java:13)
	at ru.yandex.qatools.ashot.coordinates.CoordsProvider.ofElements(CoordsProvider.java:21)
	at ru.yandex.qatools.ashot.AShot.takeScreenshot(AShot.java:115)
	at ru.yandex.qatools.ashot.AShot.takeScreenshot(AShot.java:132)
	at com.crm.qa.TestPages.HomePage.matchLogo(HomePage.java:66)
	at com.crm.test.HomePageTest.MatchLogo(HomePageTest.java:40)
... Removed 33 stack frames]]>
    </failure>
  </testcase> <!-- MatchLogo -->
</testsuite> <!-- Test -->
